Command: report datapath > reports_Aug07-12:32:54/map/bound_flasher_datapath.rpt
============================================================
  Generated by:           Genus(TM) Synthesis Solution 19.13-s073_1
  Generated on:           Aug 07 2020  12:33:06 pm
  Module:                 bound_flasher
  Technology libraries:   slow_1v0 
                          pll 0.0
                          CDK_S128x16 0.0
                          CDK_S256x16 0.0
                          CDK_R512x16 0.0
                          physical_cells 
  Operating conditions:   slow 
  Interconnect mode:      global
  Area mode:              physical library
============================================================


      Type       CellArea Percentage 
-------------------------------------
datapath modules     0.00       0.00 
external muxes       0.00       0.00 
others             860.80     100.00 
-------------------------------------
total              860.80     100.00 

