============================================================
  Generated by:           Genus(TM) Synthesis Solution 19.13-s073_1
  Generated on:           Aug 08 2020  07:22:35 pm
  Module:                 bound_flasher
  Technology libraries:   slow_1v0 
                          pll 0.0
                          CDK_S128x16 0.0
                          CDK_S256x16 0.0
                          CDK_R512x16 0.0
                          physical_cells 
  Operating conditions:   slow 
  Interconnect mode:      global
  Area mode:              physical library
============================================================

Timing
--------

Clock Period 
-------------
clk   1200.0 


  Cost    Critical             Violating 
 Group   Path Slack    TNS       Paths   
-----------------------------------------
clk          -160.6   -2539.0         16 
default    No paths       0.0            
-----------------------------------------
Total                 -2539.0         16 

Instance Count
--------------
Leaf Instance Count             196 
Physical Instance count           0 
Sequential Instance Count        20 
Combinational Instance Count    176 
Hierarchical Instance Count       0 

Area
----
Cell Area                          655.313
Physical Cell Area                 0.000
Total Cell Area (Cell+Physical)    655.313
Net Area                           11.860
Total Area (Cell+Physical+Net)     667.173

Runtime                            0.0 seconds
Elapsed Runtime                    20 seconds
Genus peak memory usage            1072.04 
Innovus peak memory usage          no_value 
Hostname                           localhost
