============================================================
  Generated by:           Genus(TM) Synthesis Solution 19.13-s073_1
  Generated on:           Aug 01 2020  08:52:38 pm
  Module:                 bound_flasher
  Technology libraries:   slow_1v0 
                          pll 0.0
                          CDK_S128x16 0.0
                          CDK_S256x16 0.0
                          CDK_R512x16 0.0
                          physical_cells 
  Operating conditions:   slow 
  Interconnect mode:      global
  Area mode:              physical library
============================================================

                                 Leakage  
   Gate     Instances   Area   Power (nW)   Library   
------------------------------------------------------
ADDHX2              1    5.130      0.232    slow_1v0 
AO21X4              1    3.420      0.214    slow_1v0 
AOI21X4            17   87.210      5.547    slow_1v0 
AOI21XL             1    1.710      0.041    slow_1v0 
AOI22X2             1    3.762      0.193    slow_1v0 
AOI22X4             4   24.624      1.543    slow_1v0 
AOI2BB1X2           1    3.078      0.135    slow_1v0 
AOI31X1             1    2.052      0.090    slow_1v0 
BUFX16              1    6.840      0.672    slow_1v0 
BUFX2               1    1.710      0.085    slow_1v0 
BUFX3               6   12.312      0.819    slow_1v0 
CLKAND2X12          3   22.572      1.913    slow_1v0 
CLKAND2X2          16   32.832      1.712    slow_1v0 
CLKAND2X3           2    6.156      0.345    slow_1v0 
CLKAND2X6           7   33.516      2.394    slow_1v0 
CLKINVX12           2    8.208      0.788    slow_1v0 
CLKINVX16           1    5.472      0.534    slow_1v0 
CLKINVX20           1    6.498      0.657    slow_1v0 
CLKINVX4            5    8.550      0.664    slow_1v0 
CLKINVX6            1    2.394      0.197    slow_1v0 
DFFRHQX4            1    9.576      0.449    slow_1v0 
DFFRHQX8           14  158.004      9.435    slow_1v0 
DFFRX2              1    7.524      0.356    slow_1v0 
DFFRX4              1    9.576      0.561    slow_1v0 
DFFSRHQX4           1   12.654      0.469    slow_1v0 
DFFSRHQX8           2   26.676      1.307    slow_1v0 
INVX1               4    2.736      0.133    slow_1v0 
INVX2               8    8.208      0.532    slow_1v0 
INVX3               3    4.104      0.299    slow_1v0 
INVXL               3    2.052      0.057    slow_1v0 
NAND2BX2            2    4.788      0.302    slow_1v0 
NAND2BX4            1    3.762      0.301    slow_1v0 
NAND2X2             3    5.130      0.396    slow_1v0 
NAND2X4            36  113.270      9.501    slow_1v0 
NAND2X6             7   31.960      2.772    slow_1v0 
NAND2X8             5   26.248      2.597    slow_1v0 
NAND2XL             2    2.052      0.076    slow_1v0 
NAND3BXL            1    1.710      0.076    slow_1v0 
NAND3X6             1    7.182      0.586    slow_1v0 
NOR2X2              2    3.420      0.194    slow_1v0 
NOR2X4             10   30.780      1.943    slow_1v0 
NOR2X6              8   32.832      2.336    slow_1v0 
NOR2X8              6   32.832      2.318    slow_1v0 
NOR2XL              1    1.026      0.027    slow_1v0 
NOR3BX4             1    5.814      0.289    slow_1v0 
NOR3BXL             1    2.052      0.054    slow_1v0 
NOR3X4              1    5.130      0.255    slow_1v0 
OAI221X2            1    4.788      0.257    slow_1v0 
OAI22X2             1    3.420      0.193    slow_1v0 
OAI2BB1X4           1    4.446      0.308    slow_1v0 
OR2X1               2    2.736      0.142    slow_1v0 
OR2X4               1    2.736      0.207    slow_1v0 
OR2X6               3   11.286      1.033    slow_1v0 
OR2XL               1    1.368      0.057    slow_1v0 
OR3X6               1    4.788      0.418    slow_1v0 
------------------------------------------------------
total             210  864.713     59.012             


                                          Leakage  Leakage 
     Type      Instances   Area  Area % Power (nW) Power % 
-----------------------------------------------------------
sequential            20 224.010   25.9     12.577    21.3 
inverter              28  48.222    5.6      3.861     6.5 
buffer                 8  20.862    2.4      1.576     2.7 
logic                154 571.619   66.1     40.998    69.5 
physical_cells         0   0.000    0.0      0.000     0.0 
-----------------------------------------------------------
total                210 864.713  100.0     59.012   100.0 

