============================================================
  Generated by:           Genus(TM) Synthesis Solution 19.13-s073_1
  Generated on:           Aug 01 2020  08:52:34 pm
  Module:                 bound_flasher
  Technology libraries:   slow_1v0 
                          pll 0.0
                          CDK_S128x16 0.0
                          CDK_S256x16 0.0
                          CDK_R512x16 0.0
                          physical_cells 
  Operating conditions:   slow 
  Interconnect mode:      global
  Area mode:              physical library
============================================================

Timing
--------

Clock Period 
-------------
clk   1200.0 


  Cost    Critical         Violating 
 Group   Path Slack  TNS     Paths   
-------------------------------------
clk             0.7   0.0          0 
default    No paths   0.0            
-------------------------------------
Total                 0.0          0 

Instance Count
--------------
Leaf Instance Count             249 
Physical Instance count           0 
Sequential Instance Count        20 
Combinational Instance Count    229 
Hierarchical Instance Count       0 

Area
----
Cell Area                          1002.163
Physical Cell Area                 0.000
Total Cell Area (Cell+Physical)    1002.163
Net Area                           261.083
Total Area (Cell+Physical+Net)     1263.246

Runtime                            0.0 seconds
Elapsed Runtime                    28 seconds
Genus peak memory usage            1124.78 
Innovus peak memory usage          no_value 
Hostname                           localhost
