============================================================
  Generated by:           Genus(TM) Synthesis Solution 19.13-s073_1
  Generated on:           Aug 01 2020  08:52:34 pm
  Module:                 bound_flasher
  Technology libraries:   slow_1v0 
                          pll 0.0
                          CDK_S128x16 0.0
                          CDK_S256x16 0.0
                          CDK_R512x16 0.0
                          physical_cells 
  Operating conditions:   slow 
  Interconnect mode:      global
  Area mode:              physical library
============================================================

                                  Leakage  
   Gate     Instances    Area   Power (nW)   Library   
-------------------------------------------------------
ADDHX2              1     5.130      0.232    slow_1v0 
AO21X4              1     3.420      0.214    slow_1v0 
AOI21X4            17    87.210      5.547    slow_1v0 
AOI21XL             1     1.710      0.041    slow_1v0 
AOI22X2             1     3.762      0.193    slow_1v0 
AOI22X4             4    24.624      1.543    slow_1v0 
AOI2BB1X4           1     4.104      0.268    slow_1v0 
AOI31X1             1     2.052      0.090    slow_1v0 
BUFX16              1     6.840      0.672    slow_1v0 
BUFX6              27    83.106      7.301    slow_1v0 
CLKAND2X12          4    30.096      2.551    slow_1v0 
CLKAND2X2          16    32.832      1.712    slow_1v0 
CLKAND2X3           1     3.078      0.172    slow_1v0 
CLKAND2X6           7    33.516      2.394    slow_1v0 
CLKBUFX4            1     2.394      0.170    slow_1v0 
CLKBUFX6            2     6.156      0.541    slow_1v0 
CLKINVX16           4    21.888      2.137    slow_1v0 
CLKINVX2            7     9.576      0.465    slow_1v0 
CLKINVX20           1     6.498      0.657    slow_1v0 
CLKINVX3            2     3.420      0.199    slow_1v0 
CLKINVX4            9    15.390      1.196    slow_1v0 
CLKINVX8            6    18.468      1.573    slow_1v0 
DFFRHQX4            3    28.728      1.348    slow_1v0 
DFFRHQX8           14   158.004      9.435    slow_1v0 
DFFSRHQX8           3    40.014      1.960    slow_1v0 
INVX1               2     1.368      0.066    slow_1v0 
INVX2               3     3.078      0.199    slow_1v0 
INVX3               4     5.472      0.399    slow_1v0 
INVX6               1     2.394      0.197    slow_1v0 
INVXL               3     2.052      0.057    slow_1v0 
NAND2BX2            1     2.394      0.151    slow_1v0 
NAND2X2             4     6.840      0.528    slow_1v0 
NAND2X4            37   116.417      9.765    slow_1v0 
NAND2X6             7    31.960      2.772    slow_1v0 
NAND2X8             7    36.748      3.636    slow_1v0 
NAND2XL             2     2.052      0.076    slow_1v0 
NAND3BXL            1     1.710      0.076    slow_1v0 
NOR2X2              3     5.130      0.292    slow_1v0 
NOR2X4              6    18.468      1.166    slow_1v0 
NOR2X6             10    41.040      2.919    slow_1v0 
NOR2X8              9    49.248      3.477    slow_1v0 
NOR2XL              1     1.026      0.027    slow_1v0 
NOR3BXL             1     2.052      0.054    slow_1v0 
NOR3X4              1     5.130      0.255    slow_1v0 
OAI221X2            1     4.788      0.257    slow_1v0 
OAI22X2             1     3.420      0.193    slow_1v0 
OAI2BB1X4           1     4.446      0.308    slow_1v0 
OR2X1               2     2.736      0.142    slow_1v0 
OR2X4               1     2.736      0.207    slow_1v0 
OR2X6               3    11.286      1.033    slow_1v0 
OR2XL               1     1.368      0.057    slow_1v0 
OR3X6               1     4.788      0.418    slow_1v0 
-------------------------------------------------------
total             249  1002.163     71.339             


                                           Leakage  Leakage 
     Type      Instances   Area   Area % Power (nW) Power % 
------------------------------------------------------------
sequential            20  226.746   22.6     12.742    17.9 
inverter              42   89.604    8.9      7.146    10.0 
buffer                31   98.496    9.8      8.684    12.2 
logic                156  587.317   58.6     42.767    59.9 
physical_cells         0    0.000    0.0      0.000     0.0 
------------------------------------------------------------
total                249 1002.163  100.0     71.339   100.0 

