

Working Directory = /home/vlsi_group2/1752170/work/synthesis_env/Genus_BoundFlasher/LAB1
QoS Summary for bound_flasher
==========================================================================================
Metric                          generic         map             syn_opt         final          
==========================================================================================
Slack (ps):                      -134               1               0               0
  R2R (ps):                      -134               1               0               0
  I2R (ps):                        41              42              38              38
  R2O (ps):                       169             147             197             197
  I2O (ps):                  no_value        no_value        no_value        no_value
  CG  (ps):                  no_value        no_value        no_value        no_value
TNS (ps):                       2,055               0               0               0
  R2R (ps):                     2,055               0               0               0
  I2R (ps):                         0               0               0               0
  R2O (ps):                         0               0               0               0
  I2O (ps):                  no_value        no_value        no_value        no_value
  CG  (ps):                  no_value        no_value        no_value        no_value
Failing Paths:                     16               0               0               0
Cell Area:                        709           1,002             865             865
Total Cell Area:                  709           1,002             865             865
Leaf Instances:                   212             249             210             210
Total Instances:                  212             249             210             210
Utilization (%):                 0.00            0.00            0.00            0.00
Tot. Net Length (um):        no_value        no_value        no_value        no_value
Avg. Net Length (um):        no_value        no_value        no_value        no_value
Route Overflow H (%):        no_value        no_value        no_value        no_value
Route Overflow V (%):        no_value        no_value        no_value        no_value
MBCI(%) (bits/gate) :            0.00            0.00            0.00            0.00
Norm Cong Hotspot Area:
  Max Cong:                  no_value        no_value        no_value        no_value
  Tot Cong:                  no_value        no_value        no_value        no_value
==========================================================================================
CPU  Runtime (h:m:s):        00:00:13        00:00:12        00:00:03        00:00:00
Real Runtime (h:m:s):        00:00:13        00:00:07        00:00:03        00:00:01
CPU  Elapsed (h:m:s):        00:00:17        00:00:29        00:00:32        00:00:32
Real Elapsed (h:m:s):        00:00:14        00:00:21        00:00:24        00:00:25
Memory (MB):                  1074.68         1117.98         1079.96         1079.96
==========================================================================================
==========================================================================================
Flow Settings:
==========================================================================================
Total Runtime (h:m:s): 00:00:24
Total Memory (MB):     1079.96
Executable Version:    19.13-s073_1
==========================================================================================
Total Cell Area =  Cell Area + Physical Cell Area
Total Instances =  Leaf Instances + Physical Instances


