============================================================
  Generated by:           Genus(TM) Synthesis Solution 19.13-s073_1
  Generated on:           Jul 31 2020  10:32:53 pm
  Module:                 bound_flasher
  Technology libraries:   slow_1v0 
                          pll 0.0
                          CDK_S128x16 0.0
                          CDK_S256x16 0.0
                          CDK_R512x16 0.0
                          physical_cells 
  Operating conditions:   slow 
  Interconnect mode:      global
  Area mode:              physical library
============================================================

Timing
--------

Clock Period 
-------------
clk   1200.0 


  Cost    Critical         Violating 
 Group   Path Slack  TNS     Paths   
-------------------------------------
clk             0.2   0.0          0 
default    No paths   0.0            
-------------------------------------
Total                 0.0          0 

Instance Count
--------------
Leaf Instance Count             210 
Physical Instance count           0 
Sequential Instance Count        20 
Combinational Instance Count    190 
Hierarchical Instance Count       0 

Area
----
Cell Area                          864.713
Physical Cell Area                 0.000
Total Cell Area (Cell+Physical)    864.713
Net Area                           232.936
Total Area (Cell+Physical+Net)     1097.649

Runtime                            0.0 seconds
Elapsed Runtime                    29 seconds
Genus peak memory usage            1079.96 
Innovus peak memory usage          no_value 
Hostname                           localhost
