============================================================
  Generated by:           Genus(TM) Synthesis Solution 19.13-s073_1
  Generated on:           Jul 31 2020  10:32:42 pm
  Module:                 bound_flasher
  Technology libraries:   slow_1v0 
                          pll 0.0
                          CDK_S128x16 0.0
                          CDK_S256x16 0.0
                          CDK_R512x16 0.0
                          physical_cells 
  Operating conditions:   slow 
  Interconnect mode:      global
  Area mode:              physical library
============================================================

Timing
--------

Clock Period 
-------------
clk   1200.0 


  Cost    Critical             Violating 
 Group   Path Slack    TNS       Paths   
-----------------------------------------
clk          -133.8   -2054.7         16 
default    No paths       0.0            
-----------------------------------------
Total                 -2054.7         16 

Instance Count
--------------
Leaf Instance Count             212 
Physical Instance count           0 
Sequential Instance Count        20 
Combinational Instance Count    192 
Hierarchical Instance Count       0 

Area
----
Cell Area                          696.687
Physical Cell Area                 0.000
Total Cell Area (Cell+Physical)    696.687
Net Area                           11.860
Total Area (Cell+Physical+Net)     708.547

Runtime                            0.0 seconds
Elapsed Runtime                    18 seconds
Genus peak memory usage            1074.68 
Innovus peak memory usage          no_value 
Hostname                           localhost
