

Working Directory = /home/vlsi_group2/1752170/work/synthesis_env/Genus_BoundFlasher/LAB1
QoS Summary for bound_flasher
==========================================================================================
Metric                          generic         map             syn_opt         final          
==========================================================================================
Slack (ps):                      -120              -0               0               0
  R2R (ps):                      -120              -0               0               0
  I2R (ps):                      -100              14              23              23
  R2O (ps):                       169             128             124             124
  I2O (ps):                  no_value        no_value        no_value        no_value
  CG  (ps):                  no_value        no_value        no_value        no_value
TNS (ps):                       1,858               1               0               0
  R2R (ps):                     1,858               1               0               0
  I2R (ps):                     1,490               0               0               0
  R2O (ps):                         0               0               0               0
  I2O (ps):                  no_value        no_value        no_value        no_value
  CG  (ps):                  no_value        no_value        no_value        no_value
Failing Paths:                     16               4               0               0
Cell Area:                        693             861             742             742
Total Cell Area:                  693             861             742             742
Leaf Instances:                   206             222             176             176
Total Instances:                  206             222             176             176
Utilization (%):                 0.00            0.00            0.00            0.00
Tot. Net Length (um):        no_value        no_value        no_value        no_value
Avg. Net Length (um):        no_value        no_value        no_value        no_value
Route Overflow H (%):        no_value        no_value        no_value        no_value
Route Overflow V (%):        no_value        no_value        no_value        no_value
MBCI(%) (bits/gate) :            0.00            0.00            0.00            0.00
Norm Cong Hotspot Area:
  Max Cong:                  no_value        no_value        no_value        no_value
  Tot Cong:                  no_value        no_value        no_value        no_value
==========================================================================================
CPU  Runtime (h:m:s):        00:00:10        00:00:10        00:00:02        00:00:00
Real Runtime (h:m:s):        00:00:14        00:00:06        00:00:03        00:00:00
CPU  Elapsed (h:m:s):        00:00:14        00:00:24        00:00:26        00:00:26
Real Elapsed (h:m:s):        00:00:15        00:00:21        00:00:24        00:00:24
Memory (MB):                  1067.26         1112.38         1074.36         1074.36
==========================================================================================
==========================================================================================
Flow Settings:
==========================================================================================
Total Runtime (h:m:s): 00:00:24
Total Memory (MB):     1074.36
Executable Version:    19.13-s073_1
==========================================================================================
Total Cell Area =  Cell Area + Physical Cell Area
Total Instances =  Leaf Instances + Physical Instances


