============================================================
  Generated by:           Genus(TM) Synthesis Solution 19.13-s073_1
  Generated on:           Aug 07 2020  12:32:59 pm
  Module:                 bound_flasher
  Technology libraries:   slow_1v0 
                          pll 0.0
                          CDK_S128x16 0.0
                          CDK_S256x16 0.0
                          CDK_R512x16 0.0
                          physical_cells 
  Operating conditions:   slow 
  Interconnect mode:      global
  Area mode:              physical library
============================================================

                                        Leakage  Leakage 
     Type      Instances  Area Area % Power (nW) Power % 
---------------------------------------------------------
sequential            20 0.000    0.0      7.995    59.9 
inverter               2 0.000    0.0      0.038     0.3 
logic                184 0.000    0.0      5.305    39.8 
physical_cells         0 0.000    0.0      0.000     0.0 
---------------------------------------------------------
total                206 0.000    0.0     13.338   100.0 

