============================================================
  Generated by:           Genus(TM) Synthesis Solution 19.13-s073_1
  Generated on:           Aug 07 2020  12:32:59 pm
  Module:                 bound_flasher
  Technology libraries:   slow_1v0 
                          pll 0.0
                          CDK_S128x16 0.0
                          CDK_S256x16 0.0
                          CDK_R512x16 0.0
                          physical_cells 
  Operating conditions:   slow 
  Interconnect mode:      global
  Area mode:              physical library
============================================================

Timing
--------

Clock Period 
-------------
clk   1200.0 


  Cost    Critical             Violating 
 Group   Path Slack    TNS       Paths   
-----------------------------------------
clk          -119.5   -1858.3         16 
default    No paths       0.0            
-----------------------------------------
Total                 -1858.3         16 

Instance Count
--------------
Leaf Instance Count             206 
Physical Instance count           0 
Sequential Instance Count        20 
Combinational Instance Count    186 
Hierarchical Instance Count       0 

Area
----
Cell Area                          680.672
Physical Cell Area                 0.000
Total Cell Area (Cell+Physical)    680.672
Net Area                           11.859
Total Area (Cell+Physical+Net)     692.531

Runtime                            0.0 seconds
Elapsed Runtime                    19 seconds
Genus peak memory usage            1067.26 
Innovus peak memory usage          no_value 
Hostname                           localhost
