============================================================
  Generated by:           Genus(TM) Synthesis Solution 19.13-s073_1
  Generated on:           Aug 07 2020  12:33:06 pm
  Module:                 bound_flasher
  Technology libraries:   slow_1v0 
                          pll 0.0
                          CDK_S128x16 0.0
                          CDK_S256x16 0.0
                          CDK_R512x16 0.0
                          physical_cells 
  Operating conditions:   slow 
  Interconnect mode:      global
  Area mode:              physical library
============================================================

                                 Leakage  
   Gate     Instances   Area   Power (nW)   Library   
------------------------------------------------------
ADDHX1              1    3.762      0.181    slow_1v0 
AND2XL              1    1.368      0.046    slow_1v0 
AOI21X2             4   10.944      0.651    slow_1v0 
AOI21X4             3   15.390      0.979    slow_1v0 
AOI21XL             1    1.710      0.041    slow_1v0 
AOI22X2            10   37.620      1.930    slow_1v0 
AOI22X4             3   18.468      1.157    slow_1v0 
AOI31X1             1    2.052      0.090    slow_1v0 
BUFX2               3    5.130      0.256    slow_1v0 
BUFX6              24   73.872      6.490    slow_1v0 
CLKAND2X12          1    7.524      0.638    slow_1v0 
CLKAND2X2           5   10.260      0.535    slow_1v0 
CLKAND2X6           4   19.152      1.368    slow_1v0 
CLKBUFX6            4   12.312      1.082    slow_1v0 
CLKINVX12           1    4.104      0.394    slow_1v0 
CLKINVX16           1    5.472      0.534    slow_1v0 
CLKINVX2           16   21.888      1.063    slow_1v0 
CLKINVX20           1    6.498      0.657    slow_1v0 
CLKINVX3            1    1.710      0.100    slow_1v0 
CLKINVX4            5    8.550      0.664    slow_1v0 
CLKINVX8           11   33.858      2.884    slow_1v0 
DFFRHQX4            5   47.880      2.246    slow_1v0 
DFFRHQX8           12  135.432      8.087    slow_1v0 
DFFSRHQX4           1   12.654      0.469    slow_1v0 
DFFSRHQX8           2   26.676      1.307    slow_1v0 
INVX1               5    3.420      0.166    slow_1v0 
INVX12              1    4.104      0.394    slow_1v0 
INVX2               3    3.078      0.199    slow_1v0 
INVX3               2    2.736      0.199    slow_1v0 
INVX6               2    4.788      0.394    slow_1v0 
INVX8               1    3.078      0.262    slow_1v0 
INVXL               4    2.736      0.077    slow_1v0 
MX2X1               2    4.788      0.190    slow_1v0 
NAND2BX4            1    3.762      0.301    slow_1v0 
NAND2BXL            1    1.368      0.057    slow_1v0 
NAND2X2            11   18.810      1.453    slow_1v0 
NAND2X4            12   37.757      3.167    slow_1v0 
NAND2X6             5   22.828      1.980    slow_1v0 
NAND2X8             8   41.998      4.155    slow_1v0 
NAND3XL             1    1.710      0.057    slow_1v0 
NOR2X2              1    1.710      0.097    slow_1v0 
NOR2X4              2    6.156      0.389    slow_1v0 
NOR2X6             13   53.352      3.795    slow_1v0 
NOR2X8              5   27.360      1.932    slow_1v0 
NOR2XL              2    2.052      0.054    slow_1v0 
NOR3X6              2   14.364      0.767    slow_1v0 
OA21X1              1    2.052      0.071    slow_1v0 
OAI21X2             5   15.390      0.813    slow_1v0 
OAI21X4             1    4.788      0.325    slow_1v0 
OAI22X4             6   38.988      2.318    slow_1v0 
OAI2BB1X2           1    3.078      0.155    slow_1v0 
OAI2BB1X4           2    8.892      0.616    slow_1v0 
OR2XL               1    1.368      0.057    slow_1v0 
------------------------------------------------------
total             222  860.797     58.288             


                                          Leakage  Leakage 
     Type      Instances   Area  Area % Power (nW) Power % 
-----------------------------------------------------------
sequential            20 222.642   25.9     12.109    20.8 
inverter              54 106.020   12.3      7.987    13.7 
buffer                31  91.314   10.6      7.828    13.4 
logic                117 440.821   51.2     30.364    52.1 
physical_cells         0   0.000    0.0      0.000     0.0 
-----------------------------------------------------------
total                222 860.797  100.0     58.288   100.0 

