============================================================
  Generated by:           Genus(TM) Synthesis Solution 19.13-s073_1
  Generated on:           Aug 07 2020  12:33:05 pm
  Module:                 bound_flasher
  Technology libraries:   slow_1v0 
                          pll 0.0
                          CDK_S128x16 0.0
                          CDK_S256x16 0.0
                          CDK_R512x16 0.0
                          physical_cells 
  Operating conditions:   slow 
  Interconnect mode:      global
  Area mode:              physical library
============================================================

Timing
--------

Clock Period 
-------------
clk   1200.0 


  Cost    Critical          Violating 
 Group   Path Slack   TNS     Paths   
--------------------------------------
clk            -0.2   -0.8          4 
default    No paths    0.0            
--------------------------------------
Total                 -0.8          4 

Instance Count
--------------
Leaf Instance Count             222 
Physical Instance count           0 
Sequential Instance Count        20 
Combinational Instance Count    202 
Hierarchical Instance Count       0 

Area
----
Cell Area                          860.797
Physical Cell Area                 0.000
Total Cell Area (Cell+Physical)    860.797
Net Area                           233.829
Total Area (Cell+Physical+Net)     1094.626

Runtime                            0.0 seconds
Elapsed Runtime                    25 seconds
Genus peak memory usage            1120.38 
Innovus peak memory usage          no_value 
Hostname                           localhost
