============================================================
  Generated by:           Genus(TM) Synthesis Solution 19.13-s073_1
  Generated on:           Aug 07 2020  12:33:08 pm
  Module:                 bound_flasher
  Technology libraries:   slow_1v0 
                          pll 0.0
                          CDK_S128x16 0.0
                          CDK_S256x16 0.0
                          CDK_R512x16 0.0
                          physical_cells 
  Operating conditions:   slow 
  Interconnect mode:      global
  Area mode:              physical library
============================================================

                                 Leakage  
   Gate     Instances   Area   Power (nW)   Library   
------------------------------------------------------
ADDHX1              1    3.762      0.181    slow_1v0 
AND2XL              1    1.368      0.046    slow_1v0 
AO22X1              1    2.736      0.079    slow_1v0 
AOI21X2             4   10.944      0.651    slow_1v0 
AOI21X4             3   15.390      0.979    slow_1v0 
AOI21XL             1    1.710      0.041    slow_1v0 
AOI22X2            10   37.620      1.930    slow_1v0 
AOI22X4             3   18.468      1.157    slow_1v0 
AOI31X1             1    2.052      0.090    slow_1v0 
BUFX16              1    6.840      0.672    slow_1v0 
BUFX2               2    3.420      0.171    slow_1v0 
CLKAND2X12          1    7.524      0.638    slow_1v0 
CLKAND2X2           5   10.260      0.535    slow_1v0 
CLKAND2X6           4   19.152      1.368    slow_1v0 
CLKBUFX6            1    3.078      0.270    slow_1v0 
CLKINVX16           1    5.472      0.534    slow_1v0 
CLKINVX20           1    6.498      0.657    slow_1v0 
CLKINVX4            6   10.260      0.797    slow_1v0 
CLKINVX8            6   18.468      1.573    slow_1v0 
DFFRHQX4            1    9.576      0.449    slow_1v0 
DFFRHQX8           16  180.576     10.782    slow_1v0 
DFFSRHQX4           1   12.654      0.469    slow_1v0 
DFFSRHQX8           2   26.676      1.307    slow_1v0 
INVX1               7    4.788      0.232    slow_1v0 
INVX2               8    8.208      0.532    slow_1v0 
INVX3               2    2.736      0.199    slow_1v0 
INVX6               2    4.788      0.394    slow_1v0 
INVXL               3    2.052      0.057    slow_1v0 
MX2X1               2    4.788      0.190    slow_1v0 
NAND2BX4            1    3.762      0.301    slow_1v0 
NAND2BXL            1    1.368      0.057    slow_1v0 
NAND2X2            10   17.100      1.321    slow_1v0 
NAND2X4            12   37.757      3.167    slow_1v0 
NAND2X6             5   22.828      1.980    slow_1v0 
NAND2X8             8   41.998      4.155    slow_1v0 
NAND3XL             1    1.710      0.057    slow_1v0 
NOR2X2              1    1.710      0.097    slow_1v0 
NOR2X4              4   12.312      0.777    slow_1v0 
NOR2X6             12   49.248      3.503    slow_1v0 
NOR2X8              4   21.888      1.545    slow_1v0 
NOR2XL              2    2.052      0.054    slow_1v0 
NOR3X6              2   14.364      0.767    slow_1v0 
OA21X1              1    2.052      0.071    slow_1v0 
OAI21X2             5   15.390      0.813    slow_1v0 
OAI21X4             1    4.788      0.325    slow_1v0 
OAI22X4             5   32.490      1.932    slow_1v0 
OAI2BB1X2           1    3.078      0.155    slow_1v0 
OAI2BB1X4           1    4.446      0.308    slow_1v0 
OAI2BB2X4           1    8.550      0.457    slow_1v0 
OR2XL               1    1.368      0.057    slow_1v0 
------------------------------------------------------
total             176  742.123     48.880             


                                          Leakage  Leakage 
     Type      Instances   Area  Area % Power (nW) Power % 
-----------------------------------------------------------
sequential            20 229.482   30.9     13.008    26.6 
inverter              36  63.270    8.5      4.976    10.2 
buffer                 4  13.338    1.8      1.113     2.3 
logic                116 436.033   58.8     29.783    60.9 
physical_cells         0   0.000    0.0      0.000     0.0 
-----------------------------------------------------------
total                176 742.123  100.0     48.880   100.0 

