

Working Directory = /home/vlsi_group2/1752170/work/synthesis_env/Genus_BoundFlasher/LAB1
QoS Summary for bound_flasher
==========================================================================================
Metric                          generic         map             syn_opt         final          
==========================================================================================
Slack (ps):                      -161             -18               0               0
  R2R (ps):                      -161             -18               0               0
  I2R (ps):                       -20             -15               1               1
  R2O (ps):                       169             134             168             168
  I2O (ps):                  no_value        no_value        no_value        no_value
  CG  (ps):                  no_value        no_value        no_value        no_value
TNS (ps):                       2,539             208               0               0
  R2R (ps):                     2,539             208               0               0
  I2R (ps):                       308             133               0               0
  R2O (ps):                         0               0               0               0
  I2O (ps):                  no_value        no_value        no_value        no_value
  CG  (ps):                  no_value        no_value        no_value        no_value
Failing Paths:                     16              15               0               0
Cell Area:                        667             837             772             772
Total Cell Area:                  667             837             772             772
Leaf Instances:                   196             200             172             172
Total Instances:                  196             200             172             172
Utilization (%):                 0.00            0.00            0.00            0.00
Tot. Net Length (um):        no_value        no_value        no_value        no_value
Avg. Net Length (um):        no_value        no_value        no_value        no_value
Route Overflow H (%):        no_value        no_value        no_value        no_value
Route Overflow V (%):        no_value        no_value        no_value        no_value
MBCI(%) (bits/gate) :            0.00            0.00            0.00            0.00
Norm Cong Hotspot Area:
  Max Cong:                  no_value        no_value        no_value        no_value
  Tot Cong:                  no_value        no_value        no_value        no_value
==========================================================================================
CPU  Runtime (h:m:s):        00:00:14        00:00:10        00:00:09        00:00:00
Real Runtime (h:m:s):        00:00:20        00:00:07        00:00:09        00:00:00
CPU  Elapsed (h:m:s):        00:00:18        00:00:28        00:00:37        00:00:37
Real Elapsed (h:m:s):        00:00:21        00:00:28        00:00:37        00:00:37
Memory (MB):                  1071.73         1112.03         1070.02         1070.02
==========================================================================================
==========================================================================================
Flow Settings:
==========================================================================================
Total Runtime (h:m:s): 00:00:37
Total Memory (MB):     1070.02
Executable Version:    19.13-s073_1
==========================================================================================
Total Cell Area =  Cell Area + Physical Cell Area
Total Instances =  Leaf Instances + Physical Instances


