============================================================
  Generated by:           Genus(TM) Synthesis Solution 19.13-s073_1
  Generated on:           Aug 08 2020  09:58:20 pm
  Module:                 bound_flasher
  Technology libraries:   slow_1v0 
                          pll 0.0
                          CDK_S128x16 0.0
                          CDK_S256x16 0.0
                          CDK_R512x16 0.0
                          physical_cells 
  Operating conditions:   slow 
  Interconnect mode:      global
  Area mode:              physical library
============================================================

                                 Leakage  
   Gate     Instances   Area   Power (nW)   Library   
------------------------------------------------------
AO21X1              1    2.394      0.075    slow_1v0 
AOI21X4             4   20.520      1.305    slow_1v0 
AOI22X4            18  110.808      6.945    slow_1v0 
BUFX3               2    4.104      0.273    slow_1v0 
BUFX4               6   14.364      1.018    slow_1v0 
BUFX6               1    3.078      0.270    slow_1v0 
CLKAND2X12          1    7.524      0.638    slow_1v0 
CLKAND2X2           1    2.052      0.107    slow_1v0 
CLKAND2X3           1    3.078      0.172    slow_1v0 
CLKAND2X6           2    9.576      0.684    slow_1v0 
CLKINVX20           3   19.494      1.971    slow_1v0 
CLKINVX4            4    6.840      0.531    slow_1v0 
CLKINVX6            2    4.788      0.394    slow_1v0 
CLKINVX8            2    6.156      0.524    slow_1v0 
DFFRHQX4            8   76.608      3.593    slow_1v0 
DFFRHQX8            9  101.574      6.065    slow_1v0 
DFFRX4              1    9.576      0.561    slow_1v0 
DFFSRHQX2           1   11.286      0.374    slow_1v0 
INVX1              14    9.576      0.465    slow_1v0 
INVX2               8    8.208      0.532    slow_1v0 
INVX3               2    2.736      0.199    slow_1v0 
INVX6               3    7.182      0.590    slow_1v0 
INVXL               1    0.684      0.019    slow_1v0 
NAND2BX1            1    1.368      0.085    slow_1v0 
NAND2X1             1    1.026      0.066    slow_1v0 
NAND2X2             3    5.130      0.396    slow_1v0 
NAND2X4             2    6.293      0.528    slow_1v0 
NAND2X6             8   36.526      3.168    slow_1v0 
NAND2X8             5   26.248      2.597    slow_1v0 
NAND2XL             1    1.026      0.038    slow_1v0 
NOR2X2              2    3.420      0.194    slow_1v0 
NOR2X4              7   21.546      1.360    slow_1v0 
NOR2X6             12   49.248      3.503    slow_1v0 
NOR2X8              6   32.832      2.318    slow_1v0 
NOR2XL              1    1.026      0.027    slow_1v0 
NOR3BX4             1    5.814      0.289    slow_1v0 
NOR3X4              1    5.130      0.255    slow_1v0 
NOR3X8              1    8.892      0.509    slow_1v0 
OAI21X4            17   81.396      5.522    slow_1v0 
OAI22X4             2   12.996      0.773    slow_1v0 
OAI2BB1X4           1    4.446      0.308    slow_1v0 
OR2X4               1    2.736      0.207    slow_1v0 
OR2X6               2    7.524      0.688    slow_1v0 
OR3X4               1    3.078      0.243    slow_1v0 
SDFFRHQX4           1   12.312      0.530    slow_1v0 
------------------------------------------------------
total             172  772.219     50.910             


                                          Leakage  Leakage 
     Type      Instances   Area  Area % Power (nW) Power % 
-----------------------------------------------------------
sequential            20 211.356   27.4     11.123    21.8 
inverter              39  65.664    8.5      5.225    10.3 
buffer                 9  21.546    2.8      1.561     3.1 
logic                104 473.653   61.3     33.000    64.8 
physical_cells         0   0.000    0.0      0.000     0.0 
-----------------------------------------------------------
total                172 772.219  100.0     50.910   100.0 

