============================================================
  Generated by:           Genus(TM) Synthesis Solution 19.13-s073_1
  Generated on:           Aug 08 2020  09:58:03 pm
  Module:                 bound_flasher
  Technology libraries:   slow_1v0 
                          pll 0.0
                          CDK_S128x16 0.0
                          CDK_S256x16 0.0
                          CDK_R512x16 0.0
                          physical_cells 
  Operating conditions:   slow 
  Interconnect mode:      global
  Area mode:              physical library
============================================================

                                        Leakage  Leakage 
     Type      Instances  Area Area % Power (nW) Power % 
---------------------------------------------------------
sequential            20 0.000    0.0      7.995    61.6 
inverter               1 0.000    0.0      0.019     0.1 
logic                175 0.000    0.0      4.965    38.3 
physical_cells         0 0.000    0.0      0.000     0.0 
---------------------------------------------------------
total                196 0.000    0.0     12.978   100.0 

