============================================================
  Generated by:           Genus(TM) Synthesis Solution 19.13-s073_1
  Generated on:           Aug 08 2020  09:58:11 pm
  Module:                 bound_flasher
  Technology libraries:   slow_1v0 
                          pll 0.0
                          CDK_S128x16 0.0
                          CDK_S256x16 0.0
                          CDK_R512x16 0.0
                          physical_cells 
  Operating conditions:   slow 
  Interconnect mode:      global
  Area mode:              physical library
============================================================

                                 Leakage  
   Gate     Instances   Area   Power (nW)   Library   
------------------------------------------------------
AO21X1              1    2.394      0.075    slow_1v0 
AOI21X4             4   20.520      1.305    slow_1v0 
AOI22X4            19  116.964      7.330    slow_1v0 
BUFX12              1    5.130      0.504    slow_1v0 
BUFX2               1    1.710      0.085    slow_1v0 
BUFX3               3    6.156      0.410    slow_1v0 
BUFX6               7   21.546      1.893    slow_1v0 
CLKAND2X12          2   15.048      1.275    slow_1v0 
CLKAND2X2           1    2.052      0.107    slow_1v0 
CLKAND2X6           3   14.364      1.026    slow_1v0 
CLKBUFX6            9   27.702      2.434    slow_1v0 
CLKINVX2           17   23.256      1.130    slow_1v0 
CLKINVX20           3   19.494      1.971    slow_1v0 
CLKINVX3            3    5.130      0.299    slow_1v0 
CLKINVX4            5    8.550      0.664    slow_1v0 
CLKINVX6            2    4.788      0.394    slow_1v0 
CLKINVX8            8   24.624      2.097    slow_1v0 
DFFRHQX4           11  105.336      4.941    slow_1v0 
DFFRHQX8            7   79.002      4.717    slow_1v0 
DFFSRHQX4           1   12.654      0.469    slow_1v0 
INVX1               5    3.420      0.166    slow_1v0 
INVX2               7    7.182      0.465    slow_1v0 
INVX3               4    5.472      0.399    slow_1v0 
INVX6               1    2.394      0.197    slow_1v0 
INVXL               1    0.684      0.019    slow_1v0 
NAND2X1             2    2.052      0.132    slow_1v0 
NAND2X2             1    1.710      0.132    slow_1v0 
NAND2X4             4   12.586      1.056    slow_1v0 
NAND2X6             4   18.263      1.584    slow_1v0 
NAND2X8             8   41.998      4.155    slow_1v0 
NAND2XL             1    1.026      0.038    slow_1v0 
NOR2X2              2    3.420      0.194    slow_1v0 
NOR2X4              8   24.624      1.555    slow_1v0 
NOR2X6              9   36.936      2.627    slow_1v0 
NOR2X8              8   43.776      3.091    slow_1v0 
NOR2XL              1    1.026      0.027    slow_1v0 
NOR3X4              2   10.260      0.511    slow_1v0 
OAI21X2             9   27.702      1.463    slow_1v0 
OAI21X4             8   38.304      2.599    slow_1v0 
OAI22X4             1    6.498      0.386    slow_1v0 
OAI2BB1X4           2    8.892      0.616    slow_1v0 
OR2X4               1    2.736      0.207    slow_1v0 
OR2X6               1    3.762      0.344    slow_1v0 
OR3X4               1    3.078      0.243    slow_1v0 
SDFFRHQX4           1   12.312      0.530    slow_1v0 
------------------------------------------------------
total             200  836.532     55.862             


                                          Leakage  Leakage 
     Type      Instances   Area  Area % Power (nW) Power % 
-----------------------------------------------------------
sequential            20 209.304   25.0     10.657    19.1 
inverter              56 104.994   12.6      7.800    14.0 
buffer                21  62.244    7.4      5.326     9.5 
logic                103 459.990   55.0     32.079    57.4 
physical_cells         0   0.000    0.0      0.000     0.0 
-----------------------------------------------------------
total                200 836.532  100.0     55.862   100.0 

