============================================================
  Generated by:           Genus(TM) Synthesis Solution 19.13-s073_1
  Generated on:           Aug 08 2020  09:58:10 pm
  Module:                 bound_flasher
  Technology libraries:   slow_1v0 
                          pll 0.0
                          CDK_S128x16 0.0
                          CDK_S256x16 0.0
                          CDK_R512x16 0.0
                          physical_cells 
  Operating conditions:   slow 
  Interconnect mode:      global
  Area mode:              physical library
============================================================

Timing
--------

Clock Period 
-------------
clk   1200.0 


  Cost    Critical            Violating 
 Group   Path Slack    TNS      Paths   
----------------------------------------
clk           -17.5   -208.2         15 
default    No paths      0.0            
----------------------------------------
Total                 -208.2         15 

Instance Count
--------------
Leaf Instance Count             200 
Physical Instance count           0 
Sequential Instance Count        20 
Combinational Instance Count    180 
Hierarchical Instance Count       0 

Area
----
Cell Area                          836.532
Physical Cell Area                 0.000
Total Cell Area (Cell+Physical)    836.532
Net Area                           216.135
Total Area (Cell+Physical+Net)     1052.667

Runtime                            0.0 seconds
Elapsed Runtime                    34 seconds
Genus peak memory usage            1120.04 
Innovus peak memory usage          no_value 
Hostname                           localhost
